<?xml version="1.0" encoding="UTF-8"?>
<!-- Generated by org.testng.reporters.JUnitReportReporter -->
<testsuite skipped="0" hostname="LAPTOP-RBK20B70" name="com.urbanladder.runner.Runner" tests="10" failures="0" timestamp="2021-09-27T11:54:18 IST" time="73.316" errors="0">
  <testcase name="Login" time="10.801" classname="com.urbanladder.runner.Runner"/>
  <system-out/>
  <testcase name="DiningTable" time="1.580" classname="com.urbanladder.runner.Runner"/>
  <system-out/>
  <testcase name="Sale" time="8.716" classname="com.urbanladder.runner.Runner"/>
  <system-out/>
  <testcase name="Living" time="8.500" classname="com.urbanladder.runner.Runner"/>
  <system-out/>
  <testcase name="Bedroom" time="8.182" classname="com.urbanladder.runner.Runner"/>
  <system-out/>
  <testcase name="Storage" time="8.360" classname="com.urbanladder.runner.Runner"/>
  <system-out/>
  <testcase name="Study" time="8.199" classname="com.urbanladder.runner.Runner"/>
  <system-out/>
  <testcase name="Kids" time="8.157" classname="com.urbanladder.runner.Runner"/>
  <system-out/>
  <testcase name="GiftCard" time="9.125" classname="com.urbanladder.runner.Runner"/>
  <system-out/>
  <testcase name="BulkOrder" time="1.696" classname="com.urbanladder.runner.Runner"/>
  <system-out/>
</testsuite> <!-- com.urbanladder.runner.Runner -->
